%cd "/\\bssd-stu-fs02\Canopy\App\appdata"
%cd "/\\bssd-stu-fs02\Canopy\App\appdata"
%cd "/\\bssd-stu-fs02\Canopy\App\appdata"
%logstart -ort billywood137.log append
%cd "C:\Users\g.wood\Documents\Python\Activity137"
%logstart -ort billywood137.log append
%logstop
%logstart -ort billywood137.log append
numbers = [1, 2, 3, 4]
# Billy Wood 1.3.7 IPython log
numbers = [1, 2, 3, 4]
for item in numbers:
    print(item**2)
help(range)
range(4)
#[Out]# [0, 1, 2, 3]
range(20,12,-3)
#[Out]# [20, 17, 14]
range(5,19,2)
#[Out]# [5, 7, 9, 11, 13, 15, 17]
%cd "C:\Users\g.wood\Documents\Python\Activity136"
%cd "C:\Users\g.wood\Documents\Python\Activity137"
%cd "C:\Users\g.wood\Documents\Python\Activity136"
%cd "C:\Users\g.wood\Documents\Python\Activity137"
%logstop
%cd "C:\Users\g.wood\Documents\Python\Activity136"
#Conclusion
#1. They are different in that the outcome looks different than each other because of the brackets and ()'s.
#2. Use a tuple whenever you're going to have a list that you won't change. You should use a list when you will be addding, removing, or in genral changing what you have down.
%logstop
%logstart
%logstart -ort billywood136.log append
%logstart -ort billywood136.log append
%cd "C:\Users\g.wood\Documents\Python\Activity137"
%logstart -ort billywood137.log append
%logstart -ort billywood136.log append
%logstop
# Wed, 16 Nov 2016 13:13:06
range(4,12,2)
#[Out]# [4, 6, 8, 10]
# Wed, 16 Nov 2016 13:13:55
days()
# Wed, 16 Nov 2016 13:14:06
%run C:/Users/g.wood/Documents/Python/Activity137/billywood137.py# Wed, 16 Nov 2016 13:14:09
days()
# Wed, 16 Nov 2016 13:18:55
%logstop
